<?xml version="1.0" encoding="utf-8"?>
<test-run id="2" testcasecount="5" result="Passed" total="5" passed="5" failed="0" inconclusive="0" skipped="0" asserts="0" engine-version="3.5.0.0" clr-version="4.0.30319.42000" start-time="2021-12-07 07:43:47Z" end-time="2021-12-07 07:44:10Z" duration="23.0457849">
  <test-suite type="TestSuite" id="1000" name="final_project" fullname="final_project" runstate="Runnable" testcasecount="5" result="Passed" start-time="2021-12-07 07:43:47Z" end-time="2021-12-07 07:44:10Z" duration="23.045785" total="5" passed="5" failed="0" inconclusive="0" skipped="0" asserts="0">
    <properties />
    <test-suite type="Assembly" id="1008" name="PlayMode.dll" fullname="C:/Users/safeer/cs128env/src/fp/final-project-segfaultcoredumped/unity-folder/project/Library/ScriptAssemblies/PlayMode.dll" runstate="Runnable" testcasecount="5" result="Passed" start-time="2021-12-07 07:43:47Z" end-time="2021-12-07 07:44:10Z" duration="23.040310" total="5" passed="5" failed="0" inconclusive="0" skipped="0" asserts="0">
      <properties>
        <property name="_PID" value="27236" />
        <property name="_APPDOMAIN" value="Unity Child Domain" />
        <property name="platform" value="PlayMode" />
      </properties>
      <test-suite type="TestFixture" id="1001" name="IsMoving" fullname="IsMoving" classname="IsMoving" runstate="Runnable" testcasecount="4" result="Passed" start-time="2021-12-07 07:43:47Z" end-time="2021-12-07 07:44:07Z" duration="20.034751" total="4" passed="4" failed="0" inconclusive="0" skipped="0" asserts="0">
        <properties />
        <test-case id="1003" name="MoveDown" fullname="IsMoving.MoveDown" methodname="MoveDown" classname="IsMoving" runstate="Runnable" seed="1618442808" result="Passed" start-time="2021-12-07 07:43:47Z" end-time="2021-12-07 07:43:52Z" duration="5.019079" asserts="0">
          <properties>
            <property name="_JOINTYPE" value="UnityCombinatorial" />
          </properties>
        </test-case>
        <test-case id="1005" name="MoveLeft" fullname="IsMoving.MoveLeft" methodname="MoveLeft" classname="IsMoving" runstate="Runnable" seed="1420705279" result="Passed" start-time="2021-12-07 07:43:52Z" end-time="2021-12-07 07:43:57Z" duration="5.001258" asserts="0">
          <properties>
            <property name="_JOINTYPE" value="UnityCombinatorial" />
          </properties>
        </test-case>
        <test-case id="1004" name="MoveRight" fullname="IsMoving.MoveRight" methodname="MoveRight" classname="IsMoving" runstate="Runnable" seed="1977614236" result="Passed" start-time="2021-12-07 07:43:57Z" end-time="2021-12-07 07:44:02Z" duration="5.001098" asserts="0">
          <properties>
            <property name="_JOINTYPE" value="UnityCombinatorial" />
          </properties>
        </test-case>
        <test-case id="1002" name="MoveUp" fullname="IsMoving.MoveUp" methodname="MoveUp" classname="IsMoving" runstate="Runnable" seed="599452454" result="Passed" start-time="2021-12-07 07:44:02Z" end-time="2021-12-07 07:44:07Z" duration="5.001266" asserts="0">
          <properties>
            <property name="_JOINTYPE" value="UnityCombinatorial" />
          </properties>
        </test-case>
      </test-suite>
      <test-suite type="TestFixture" id="1006" name="IsSavingAndLoading" fullname="IsSavingAndLoading" classname="IsSavingAndLoading" runstate="Runnable" testcasecount="1" result="Passed" start-time="2021-12-07 07:44:07Z" end-time="2021-12-07 07:44:10Z" duration="3.004183" total="1" passed="1" failed="0" inconclusive="0" skipped="0" asserts="0">
        <properties />
        <test-case id="1007" name="SaveAndLoad" fullname="IsSavingAndLoading.SaveAndLoad" methodname="SaveAndLoad" classname="IsSavingAndLoading" runstate="Runnable" seed="155515694" result="Passed" start-time="2021-12-07 07:44:07Z" end-time="2021-12-07 07:44:10Z" duration="3.003599" asserts="0">
          <properties>
            <property name="_JOINTYPE" value="UnityCombinatorial" />
          </properties>
        </test-case>
      </test-suite>
    </test-suite>
  </test-suite>
</test-run>